This file contains any messages produced by compilers while
running configure, to aid debugging if configure makes a mistake.

It was created by dewox configure 0.12, which was
generated by GNU Autoconf 2.68.  Invocation command line was

  $ ./configure 

## --------- ##
## Platform. ##
## --------- ##

hostname = clans
uname -m = i686
uname -r = 3.0-ARCH
uname -s = Linux
uname -v = #1 SMP PREEMPT Wed Oct 19 12:14:48 UTC 2011

/usr/bin/uname -p = unknown
/bin/uname -X     = unknown

/bin/arch              = i686
/usr/bin/arch -k       = unknown
/usr/convex/getsysinfo = unknown
/usr/bin/hostinfo      = unknown
/bin/machine           = unknown
/usr/bin/oslevel       = unknown
/bin/universe          = unknown

PATH: /opt/NX/bin
PATH: /home/cjxgm/GNUstep/Tools
PATH: /usr/local/bin
PATH: /usr/bin
PATH: /bin
PATH: /usr/local/sbin
PATH: /usr/sbin
PATH: /sbin
PATH: /opt/java/bin
PATH: /opt/java/db/bin
PATH: /opt/java/jre/bin
PATH: /opt/kde/bin
PATH: /usr/bin/vendor_perl
PATH: /usr/bin/core_perl
PATH: /opt/qt/bin
PATH: /opt/sourcenavigator/bin
PATH: ~/bin


## ----------- ##
## Core tests. ##
## ----------- ##

configure:2092: checking for a BSD-compatible install
configure:2160: result: /bin/install -c
configure:2171: checking whether build environment is sane
configure:2221: result: yes
configure:2362: checking for a thread-safe mkdir -p
configure:2401: result: /bin/mkdir -p
configure:2414: checking for gawk
configure:2430: found /usr/bin/gawk
configure:2441: result: gawk
configure:2452: checking whether make sets $(MAKE)
configure:2474: result: yes
configure:2603: checking for gcc
configure:2619: found /usr/bin/gcc
configure:2630: result: gcc
configure:2859: checking for C compiler version
configure:2868: gcc --version >&5
gcc (GCC) 4.6.1 20110819 (prerelease)
Copyright (C) 2011 Free Software Foundation, Inc.
This is free software; see the source for copying conditions.  There is NO
warranty; not even for MERCHANTABILITY or FITNESS FOR A PARTICULAR PURPOSE.

configure:2879: $? = 0
configure:2868: gcc -v >&5
Using built-in specs.
COLLECT_GCC=gcc
COLLECT_LTO_WRAPPER=/usr/lib/gcc/i686-pc-linux-gnu/4.6.1/lto-wrapper
Target: i686-pc-linux-gnu
Configured with: /build/src/gcc-4.6-20110819/configure --prefix=/usr --libdir=/usr/lib --libexecdir=/usr/lib --mandir=/usr/share/man --infodir=/usr/share/info --with-bugurl=https://bugs.archlinux.org/ --enable-languages=c,c++,ada,fortran,go,lto,objc,obj-c++ --enable-shared --enable-threads=posix --with-system-zlib --enable-__cxa_atexit --disable-libunwind-exceptions --enable-clocale=gnu --enable-gnu-unique-object --enable-linker-build-id --with-ppl --enable-cloog-backend=isl --enable-lto --enable-gold --enable-ld=default --enable-plugin --with-plugin-ld=ld.gold --disable-multilib --disable-libssp --disable-libstdcxx-pch --enable-checking=release
Thread model: posix
gcc version 4.6.1 20110819 (prerelease) (GCC) 
configure:2879: $? = 0
configure:2868: gcc -V >&5
gcc: error: unrecognized option '-V'
gcc: fatal error: no input files
compilation terminated.
configure:2879: $? = 1
configure:2868: gcc -qversion >&5
gcc: error: unrecognized option '-qversion'
gcc: fatal error: no input files
compilation terminated.
configure:2879: $? = 1
configure:2899: checking whether the C compiler works
configure:2921: gcc    conftest.c  >&5
configure:2925: $? = 0
configure:2973: result: yes
configure:2976: checking for C compiler default output file name
configure:2978: result: a.out
configure:2984: checking for suffix of executables
configure:2991: gcc -o conftest    conftest.c  >&5
configure:2995: $? = 0
configure:3017: result: 
configure:3039: checking whether we are cross compiling
configure:3047: gcc -o conftest    conftest.c  >&5
configure:3051: $? = 0
configure:3058: ./conftest
configure:3062: $? = 0
configure:3077: result: no
configure:3082: checking for suffix of object files
configure:3104: gcc -c   conftest.c >&5
configure:3108: $? = 0
configure:3129: result: o
configure:3133: checking whether we are using the GNU C compiler
configure:3152: gcc -c   conftest.c >&5
configure:3152: $? = 0
configure:3161: result: yes
configure:3170: checking whether gcc accepts -g
configure:3190: gcc -c -g  conftest.c >&5
configure:3190: $? = 0
configure:3231: result: yes
configure:3248: checking for gcc option to accept ISO C89
configure:3312: gcc  -c -g -O2  conftest.c >&5
configure:3312: $? = 0
configure:3325: result: none needed
configure:3356: checking for style of include used by make
configure:3384: result: GNU
configure:3409: checking dependency style of gcc
configure:3519: result: gcc3
configure:3543: checking how to run the C preprocessor
configure:3574: gcc -E  conftest.c
configure:3574: $? = 0
configure:3588: gcc -E  conftest.c
conftest.c:11:28: fatal error: ac_nonexistent.h: No such file or directory
compilation terminated.
configure:3588: $? = 1
configure: failed program was:
| /* confdefs.h */
| #define PACKAGE_NAME "dewox"
| #define PACKAGE_TARNAME "dewox"
| #define PACKAGE_VERSION "0.12"
| #define PACKAGE_STRING "dewox 0.12"
| #define PACKAGE_BUGREPORT "cjxgm@126.com"
| #define PACKAGE_URL ""
| #define PACKAGE "dewox"
| #define VERSION "0.12"
| /* end confdefs.h.  */
| #include <ac_nonexistent.h>
configure:3613: result: gcc -E
configure:3633: gcc -E  conftest.c
configure:3633: $? = 0
configure:3647: gcc -E  conftest.c
conftest.c:11:28: fatal error: ac_nonexistent.h: No such file or directory
compilation terminated.
configure:3647: $? = 1
configure: failed program was:
| /* confdefs.h */
| #define PACKAGE_NAME "dewox"
| #define PACKAGE_TARNAME "dewox"
| #define PACKAGE_VERSION "0.12"
| #define PACKAGE_STRING "dewox 0.12"
| #define PACKAGE_BUGREPORT "cjxgm@126.com"
| #define PACKAGE_URL ""
| #define PACKAGE "dewox"
| #define VERSION "0.12"
| /* end confdefs.h.  */
| #include <ac_nonexistent.h>
configure:3676: checking for grep that handles long lines and -e
configure:3734: result: /bin/grep
configure:3739: checking for egrep
configure:3801: result: /bin/grep -E
configure:3806: checking for ANSI C header files
configure:3826: gcc -c -g -O2  conftest.c >&5
configure:3826: $? = 0
configure:3899: gcc -o conftest -g -O2   conftest.c  >&5
configure:3899: $? = 0
configure:3899: ./conftest
configure:3899: $? = 0
configure:3910: result: yes
configure:3923: checking for sys/types.h
configure:3923: gcc -c -g -O2  conftest.c >&5
configure:3923: $? = 0
configure:3923: result: yes
configure:3923: checking for sys/stat.h
configure:3923: gcc -c -g -O2  conftest.c >&5
configure:3923: $? = 0
configure:3923: result: yes
configure:3923: checking for stdlib.h
configure:3923: gcc -c -g -O2  conftest.c >&5
configure:3923: $? = 0
configure:3923: result: yes
configure:3923: checking for string.h
configure:3923: gcc -c -g -O2  conftest.c >&5
configure:3923: $? = 0
configure:3923: result: yes
configure:3923: checking for memory.h
configure:3923: gcc -c -g -O2  conftest.c >&5
configure:3923: $? = 0
configure:3923: result: yes
configure:3923: checking for strings.h
configure:3923: gcc -c -g -O2  conftest.c >&5
configure:3923: $? = 0
configure:3923: result: yes
configure:3923: checking for inttypes.h
configure:3923: gcc -c -g -O2  conftest.c >&5
configure:3923: $? = 0
configure:3923: result: yes
configure:3923: checking for stdint.h
configure:3923: gcc -c -g -O2  conftest.c >&5
configure:3923: $? = 0
configure:3923: result: yes
configure:3923: checking for unistd.h
configure:3923: gcc -c -g -O2  conftest.c >&5
configure:3923: $? = 0
configure:3923: result: yes
configure:3935: checking math.h usability
configure:3935: gcc -c -g -O2  conftest.c >&5
configure:3935: $? = 0
configure:3935: result: yes
configure:3935: checking math.h presence
configure:3935: gcc -E  conftest.c
configure:3935: $? = 0
configure:3935: result: yes
configure:3935: checking for math.h
configure:3935: result: yes
configure:3943: checking for sin in -lm
configure:3968: gcc -o conftest -g -O2   conftest.c -lm   >&5
conftest.c:28:6: warning: conflicting types for built-in function 'sin' [enabled by default]
configure:3968: $? = 0
configure:3977: result: yes
configure:3994: checking GL/gl.h usability
configure:3994: gcc -c -g -O2  conftest.c >&5
configure:3994: $? = 0
configure:3994: result: yes
configure:3994: checking GL/gl.h presence
configure:3994: gcc -E  conftest.c
configure:3994: $? = 0
configure:3994: result: yes
configure:3994: checking for GL/gl.h
configure:3994: result: yes
configure:4002: checking for glBegin in -lGL
configure:4027: gcc -o conftest -g -O2   conftest.c -lGL  -lm  >&5
configure:4027: $? = 0
configure:4036: result: yes
configure:4053: checking GL/glut.h usability
configure:4053: gcc -c -g -O2  conftest.c >&5
configure:4053: $? = 0
configure:4053: result: yes
configure:4053: checking GL/glut.h presence
configure:4053: gcc -E  conftest.c
configure:4053: $? = 0
configure:4053: result: yes
configure:4053: checking for GL/glut.h
configure:4053: result: yes
configure:4061: checking for glutSwapBuffers in -lglut
configure:4086: gcc -o conftest -g -O2   conftest.c -lglut  -lGL -lm  >&5
configure:4086: $? = 0
configure:4095: result: yes
configure:4112: checking AL/al.h usability
configure:4112: gcc -c -g -O2  conftest.c >&5
configure:4112: $? = 0
configure:4112: result: yes
configure:4112: checking AL/al.h presence
configure:4112: gcc -E  conftest.c
configure:4112: $? = 0
configure:4112: result: yes
configure:4112: checking for AL/al.h
configure:4112: result: yes
configure:4120: checking AL/alc.h usability
configure:4120: gcc -c -g -O2  conftest.c >&5
configure:4120: $? = 0
configure:4120: result: yes
configure:4120: checking AL/alc.h presence
configure:4120: gcc -E  conftest.c
configure:4120: $? = 0
configure:4120: result: yes
configure:4120: checking for AL/alc.h
configure:4120: result: yes
configure:4128: checking for alSourcePlay in -lopenal
configure:4153: gcc -o conftest -g -O2   conftest.c -lopenal  -lglut -lGL -lm  >&5
configure:4153: $? = 0
configure:4162: result: yes
configure:4313: creating ./config.status

## ---------------------- ##
## Running config.status. ##
## ---------------------- ##

This file was extended by dewox config.status 0.12, which was
generated by GNU Autoconf 2.68.  Invocation command line was

  CONFIG_FILES    = 
  CONFIG_HEADERS  = 
  CONFIG_LINKS    = 
  CONFIG_COMMANDS = 
  $ ./config.status 

on clans

config.status:850: error: cannot find input file: `Makefile.in'

## ---------------- ##
## Cache variables. ##
## ---------------- ##

ac_cv_c_compiler_gnu=yes
ac_cv_env_CC_set=
ac_cv_env_CC_value=
ac_cv_env_CFLAGS_set=
ac_cv_env_CFLAGS_value=
ac_cv_env_CPPFLAGS_set=
ac_cv_env_CPPFLAGS_value=
ac_cv_env_CPP_set=
ac_cv_env_CPP_value=
ac_cv_env_LDFLAGS_set=
ac_cv_env_LDFLAGS_value=
ac_cv_env_LIBS_set=
ac_cv_env_LIBS_value=
ac_cv_env_build_alias_set=
ac_cv_env_build_alias_value=
ac_cv_env_host_alias_set=
ac_cv_env_host_alias_value=
ac_cv_env_target_alias_set=
ac_cv_env_target_alias_value=
ac_cv_header_AL_al_h=yes
ac_cv_header_AL_alc_h=yes
ac_cv_header_GL_gl_h=yes
ac_cv_header_GL_glut_h=yes
ac_cv_header_inttypes_h=yes
ac_cv_header_math_h=yes
ac_cv_header_memory_h=yes
ac_cv_header_stdc=yes
ac_cv_header_stdint_h=yes
ac_cv_header_stdlib_h=yes
ac_cv_header_string_h=yes
ac_cv_header_strings_h=yes
ac_cv_header_sys_stat_h=yes
ac_cv_header_sys_types_h=yes
ac_cv_header_unistd_h=yes
ac_cv_lib_GL_glBegin=yes
ac_cv_lib_glut_glutSwapBuffers=yes
ac_cv_lib_m_sin=yes
ac_cv_lib_openal_alSourcePlay=yes
ac_cv_objext=o
ac_cv_path_EGREP='/bin/grep -E'
ac_cv_path_GREP=/bin/grep
ac_cv_path_install='/bin/install -c'
ac_cv_path_mkdir=/bin/mkdir
ac_cv_prog_AWK=gawk
ac_cv_prog_CPP='gcc -E'
ac_cv_prog_ac_ct_CC=gcc
ac_cv_prog_cc_c89=
ac_cv_prog_cc_g=yes
ac_cv_prog_make_make_set=yes
am_cv_CC_dependencies_compiler_type=gcc3

## ----------------- ##
## Output variables. ##
## ----------------- ##

ACLOCAL='${SHELL} /home/cjxgm/shortcuts/04_clanjor/dewox/missing --run aclocal-1.11'
AMDEPBACKSLASH='\'
AMDEP_FALSE='#'
AMDEP_TRUE=''
AMTAR='${SHELL} /home/cjxgm/shortcuts/04_clanjor/dewox/missing --run tar'
AUTOCONF='${SHELL} /home/cjxgm/shortcuts/04_clanjor/dewox/missing --run autoconf'
AUTOHEADER='${SHELL} /home/cjxgm/shortcuts/04_clanjor/dewox/missing --run autoheader'
AUTOMAKE='${SHELL} /home/cjxgm/shortcuts/04_clanjor/dewox/missing --run automake-1.11'
AWK='gawk'
CC='gcc'
CCDEPMODE='depmode=gcc3'
CFLAGS='-g -O2'
CPP='gcc -E'
CPPFLAGS=''
CYGPATH_W='echo'
DEFS='-DHAVE_CONFIG_H'
DEPDIR='.deps'
ECHO_C=''
ECHO_N='-n'
ECHO_T=''
EGREP='/bin/grep -E'
EXEEXT=''
GREP='/bin/grep'
INSTALL_DATA='${INSTALL} -m 644'
INSTALL_PROGRAM='${INSTALL}'
INSTALL_SCRIPT='${INSTALL}'
INSTALL_STRIP_PROGRAM='$(install_sh) -c -s'
LDFLAGS=''
LIBOBJS=''
LIBS='-lopenal -lglut -lGL -lm '
LTLIBOBJS=''
MAKEINFO='${SHELL} /home/cjxgm/shortcuts/04_clanjor/dewox/missing --run makeinfo'
MKDIR_P='/bin/mkdir -p'
OBJEXT='o'
PACKAGE='dewox'
PACKAGE_BUGREPORT='cjxgm@126.com'
PACKAGE_NAME='dewox'
PACKAGE_STRING='dewox 0.12'
PACKAGE_TARNAME='dewox'
PACKAGE_URL=''
PACKAGE_VERSION='0.12'
PATH_SEPARATOR=':'
SET_MAKE=''
SHELL='/bin/sh'
STRIP=''
VERSION='0.12'
ac_ct_CC='gcc'
am__EXEEXT_FALSE=''
am__EXEEXT_TRUE='#'
am__fastdepCC_FALSE='#'
am__fastdepCC_TRUE=''
am__include='include'
am__isrc=''
am__leading_dot='.'
am__quote=''
am__tar='${AMTAR} chof - "$$tardir"'
am__untar='${AMTAR} xf -'
bindir='${exec_prefix}/bin'
build_alias=''
datadir='${datarootdir}'
datarootdir='${prefix}/share'
docdir='${datarootdir}/doc/${PACKAGE_TARNAME}'
dvidir='${docdir}'
exec_prefix='${prefix}'
host_alias=''
htmldir='${docdir}'
includedir='${prefix}/include'
infodir='${datarootdir}/info'
install_sh='${SHELL} /home/cjxgm/shortcuts/04_clanjor/dewox/install-sh'
libdir='${exec_prefix}/lib'
libexecdir='${exec_prefix}/libexec'
localedir='${datarootdir}/locale'
localstatedir='${prefix}/var'
mandir='${datarootdir}/man'
mkdir_p='/bin/mkdir -p'
oldincludedir='/usr/include'
pdfdir='${docdir}'
prefix='/usr/local'
program_transform_name='s,x,x,'
psdir='${docdir}'
sbindir='${exec_prefix}/sbin'
sharedstatedir='${prefix}/com'
sysconfdir='${prefix}/etc'
target_alias=''

## ----------- ##
## confdefs.h. ##
## ----------- ##

/* confdefs.h */
#define PACKAGE_NAME "dewox"
#define PACKAGE_TARNAME "dewox"
#define PACKAGE_VERSION "0.12"
#define PACKAGE_STRING "dewox 0.12"
#define PACKAGE_BUGREPORT "cjxgm@126.com"
#define PACKAGE_URL ""
#define PACKAGE "dewox"
#define VERSION "0.12"
#define STDC_HEADERS 1
#define HAVE_SYS_TYPES_H 1
#define HAVE_SYS_STAT_H 1
#define HAVE_STDLIB_H 1
#define HAVE_STRING_H 1
#define HAVE_MEMORY_H 1
#define HAVE_STRINGS_H 1
#define HAVE_INTTYPES_H 1
#define HAVE_STDINT_H 1
#define HAVE_UNISTD_H 1
#define HAVE_LIBM 1
#define HAVE_LIBGL 1
#define HAVE_LIBGLUT 1
#define HAVE_LIBOPENAL 1

configure: exit 1
